<?xml version="1.0" encoding="UTF-8"?>
<!-- Generated by org.testng.reporters.JUnitXMLReporter -->
<testsuite ignored="0" hostname="Neelimas-MacBook-Air.local" failures="1" tests="6" name="Test" time="32.337" errors="0" timestamp="2023-01-03T14:51:16 IST">
  <testcase classname="testCases.RegPageTestCases" name="testAccountRegistrationPage" time="3.325">
    <failure type="java.lang.AssertionError">
      <![CDATA[java.lang.AssertionError: 
at testCases.RegPageTestCases.testAccountRegistrationPage(RegPageTestCases.java:32)
at java.base/java.util.ArrayList.forEach(ArrayList.java:1511)
... Removed 27 stack frames]]>
    </failure>
  </testcase> <!-- testAccountRegistrationPage -->
  <testcase classname="testCases.LoginPageTest" name="test_Loging" time="2.022"/>
  <testcase classname="testCases.LoginPageTest" name="test_Loging" time="1.134"/>
  <testcase classname="testCases.LoginPageTest" name="test_Loging" time="1.51"/>
  <testcase classname="testCases.LoginPageTest" name="test_Loging" time="1.03"/>
  <testcase classname="testCases.LoginPageTest" name="test_Loging" time="3.381"/>
</testsuite> <!-- Test -->
