<?xml version="1.0" encoding="UTF-8"?>
<testng-results ignored="0" total="6" passed="5" failed="1" skipped="0">
  <reporter-output>
  </reporter-output>
  <suite started-at="2023-01-03T14:50:43 IST" name="Suite" finished-at="2023-01-03T14:51:15 IST" duration-ms="32337">
    <groups>
    </groups>
    <test started-at="2023-01-03T14:50:43 IST" name="Test" finished-at="2023-01-03T14:51:15 IST" duration-ms="32337">
      <class name="testCases.LoginPageTest">
        <test-method is-config="true" signature="driverSetUp(java.lang.String)[pri:0, instance:testCases.LoginPageTest@1534f01b]" started-at="2023-01-03T14:50:59 IST" name="driverSetUp" finished-at="2023-01-03T14:51:04 IST" duration-ms="5582" status="PASS">
          <params>
            <param index="0">
              <value>
                <![CDATA[chrome]]>
              </value>
            </param>
          </params>
          <reporter-output>
          </reporter-output>
        </test-method> <!-- driverSetUp -->
        <test-method signature="test_Loging(java.lang.String,java.lang.String,java.lang.String)[pri:0, instance:testCases.LoginPageTest@1534f01b]" started-at="2023-01-03T14:51:06 IST" name="test_Loging" data-provider="LoginData" finished-at="2023-01-03T14:51:08 IST" duration-ms="2022" status="PASS">
          <params>
            <param index="0">
              <value>
                <![CDATA[pavanoltraining@gmail.com]]>
              </value>
            </param>
            <param index="1">
              <value>
                <![CDATA[test@123]]>
              </value>
            </param>
            <param index="2">
              <value>
                <![CDATA[Invalid]]>
              </value>
            </param>
          </params>
          <reporter-output>
          </reporter-output>
        </test-method> <!-- test_Loging -->
        <test-method signature="test_Loging(java.lang.String,java.lang.String,java.lang.String)[pri:0, instance:testCases.LoginPageTest@1534f01b]" started-at="2023-01-03T14:51:08 IST" name="test_Loging" data-provider="LoginData" finished-at="2023-01-03T14:51:10 IST" duration-ms="1134" status="PASS">
          <params>
            <param index="0">
              <value>
                <![CDATA[lakshmi@yahoo.com]]>
              </value>
            </param>
            <param index="1">
              <value>
                <![CDATA[Laxmi]]>
              </value>
            </param>
            <param index="2">
              <value>
                <![CDATA[Invalid]]>
              </value>
            </param>
          </params>
          <reporter-output>
          </reporter-output>
        </test-method> <!-- test_Loging -->
        <test-method signature="test_Loging(java.lang.String,java.lang.String,java.lang.String)[pri:0, instance:testCases.LoginPageTest@1534f01b]" started-at="2023-01-03T14:51:10 IST" name="test_Loging" data-provider="LoginData" finished-at="2023-01-03T14:51:11 IST" duration-ms="1510" status="PASS">
          <params>
            <param index="0">
              <value>
                <![CDATA[laksh@yahoo.com]]>
              </value>
            </param>
            <param index="1">
              <value>
                <![CDATA[Lakshmi]]>
              </value>
            </param>
            <param index="2">
              <value>
                <![CDATA[Invalid]]>
              </value>
            </param>
          </params>
          <reporter-output>
          </reporter-output>
        </test-method> <!-- test_Loging -->
        <test-method signature="test_Loging(java.lang.String,java.lang.String,java.lang.String)[pri:0, instance:testCases.LoginPageTest@1534f01b]" started-at="2023-01-03T14:51:11 IST" name="test_Loging" data-provider="LoginData" finished-at="2023-01-03T14:51:12 IST" duration-ms="1030" status="PASS">
          <params>
            <param index="0">
              <value>
                <![CDATA[laks@yahoo.com]]>
              </value>
            </param>
            <param index="1">
              <value>
                <![CDATA[xyz]]>
              </value>
            </param>
            <param index="2">
              <value>
                <![CDATA[Invalid]]>
              </value>
            </param>
          </params>
          <reporter-output>
          </reporter-output>
        </test-method> <!-- test_Loging -->
        <test-method signature="test_Loging(java.lang.String,java.lang.String,java.lang.String)[pri:0, instance:testCases.LoginPageTest@1534f01b]" started-at="2023-01-03T14:51:12 IST" name="test_Loging" data-provider="LoginData" finished-at="2023-01-03T14:51:15 IST" duration-ms="3381" status="PASS">
          <params>
            <param index="0">
              <value>
                <![CDATA[abc123@gmail.com]]>
              </value>
            </param>
            <param index="1">
              <value>
                <![CDATA[test@123]]>
              </value>
            </param>
            <param index="2">
              <value>
                <![CDATA[Valid]]>
              </value>
            </param>
          </params>
          <reporter-output>
          </reporter-output>
        </test-method> <!-- test_Loging -->
      </class> <!-- testCases.LoginPageTest -->
      <class name="testCases.RegPageTestCases">
        <test-method is-config="true" signature="driverSetUp(java.lang.String)[pri:0, instance:testCases.RegPageTestCases@48aaecc3]" started-at="2023-01-03T14:50:44 IST" name="driverSetUp" finished-at="2023-01-03T14:50:54 IST" duration-ms="10715" status="PASS">
          <params>
            <param index="0">
              <value>
                <![CDATA[chrome]]>
              </value>
            </param>
          </params>
          <reporter-output>
          </reporter-output>
        </test-method> <!-- driverSetUp -->
        <test-method signature="testAccountRegistrationPage()[pri:0, instance:testCases.RegPageTestCases@48aaecc3]" started-at="2023-01-03T14:50:54 IST" name="testAccountRegistrationPage" finished-at="2023-01-03T14:50:58 IST" duration-ms="3325" status="FAIL">
          <exception class="java.lang.AssertionError">
            <full-stacktrace>
              <![CDATA[java.lang.AssertionError: 
at org.testng.AssertJUnit.fail(AssertJUnit.java:65)
at org.testng.AssertJUnit.fail(AssertJUnit.java:70)
at testCases.RegPageTestCases.testAccountRegistrationPage(RegPageTestCases.java:32)
at java.base/jdk.internal.reflect.DirectMethodHandleAccessor.invoke(DirectMethodHandleAccessor.java:104)
at java.base/java.lang.reflect.Method.invoke(Method.java:577)
at org.testng.internal.MethodInvocationHelper.invokeMethod(MethodInvocationHelper.java:133)
at org.testng.internal.TestInvoker.invokeMethod(TestInvoker.java:598)
at org.testng.internal.TestInvoker.invokeTestMethod(TestInvoker.java:173)
at org.testng.internal.MethodRunner.runInSequence(MethodRunner.java:46)
at org.testng.internal.TestInvoker$MethodInvocationAgent.invoke(TestInvoker.java:824)
at org.testng.internal.TestInvoker.invokeTestMethods(TestInvoker.java:146)
at org.testng.internal.TestMethodWorker.invokeTestMethods(TestMethodWorker.java:146)
at org.testng.internal.TestMethodWorker.run(TestMethodWorker.java:128)
at java.base/java.util.ArrayList.forEach(ArrayList.java:1511)
at org.testng.TestRunner.privateRun(TestRunner.java:794)
at org.testng.TestRunner.run(TestRunner.java:596)
at org.testng.SuiteRunner.runTest(SuiteRunner.java:377)
at org.testng.SuiteRunner.runSequentially(SuiteRunner.java:371)
at org.testng.SuiteRunner.privateRun(SuiteRunner.java:332)
at org.testng.SuiteRunner.run(SuiteRunner.java:276)
at org.testng.SuiteRunnerWorker.runSuite(SuiteRunnerWorker.java:53)
at org.testng.SuiteRunnerWorker.run(SuiteRunnerWorker.java:96)
at org.testng.TestNG.runSuitesSequentially(TestNG.java:1212)
at org.testng.TestNG.runSuitesLocally(TestNG.java:1134)
at org.testng.TestNG.runSuites(TestNG.java:1063)
at org.testng.TestNG.run(TestNG.java:1031)
at org.testng.remote.AbstractRemoteTestNG.run(AbstractRemoteTestNG.java:115)
at org.testng.remote.RemoteTestNG.initAndRun(RemoteTestNG.java:251)
at org.testng.remote.RemoteTestNG.main(RemoteTestNG.java:77)
]]>
            </full-stacktrace>
          </exception> <!-- java.lang.AssertionError -->
          <reporter-output>
          </reporter-output>
        </test-method> <!-- testAccountRegistrationPage -->
      </class> <!-- testCases.RegPageTestCases -->
    </test> <!-- Test -->
  </suite> <!-- Suite -->
</testng-results>
